Error connecting to MySQL: Error: Access denied for user 'root'@'localhost' (using password: NO)
    at Packet.asError (/home/owianacr/nodevenv/folder_utama/16/lib/node_modules/mysql2/lib/packets/packet.js:728:17)
    at ClientHandshake.execute (/home/owianacr/nodevenv/folder_utama/16/lib/node_modules/mysql2/lib/commands/command.js:29:26)
    at Connection.handlePacket (/home/owianacr/nodevenv/folder_utama/16/lib/node_modules/mysql2/lib/connection.js:481:34)
    at PacketParser.onPacket (/home/owianacr/nodevenv/folder_utama/16/lib/node_modules/mysql2/lib/connection.js:97:12)
    at PacketParser.executeStart (/home/owianacr/nodevenv/folder_utama/16/lib/node_modules/mysql2/lib/packet_parser.js:75:16)
    at Socket.<anonymous> (/home/owianacr/nodevenv/folder_utama/16/lib/node_modules/mysql2/lib/connection.js:104:25)
    at Socket.emit (node:events:513:28)
    at addChunk (node:internal/streams/readable:315:12)
    at readableAddChunk (node:internal/streams/readable:289:9)
    at Socket.Readable.push (node:internal/streams/readable:228:10)
Error connecting to MySQL: Error: Access denied for user 'root'@'localhost' (using password: NO)
    at Packet.asError (/home/owianacr/nodevenv/folder_utama/16/lib/node_modules/mysql2/lib/packets/packet.js:728:17)
    at ClientHandshake.execute (/home/owianacr/nodevenv/folder_utama/16/lib/node_modules/mysql2/lib/commands/command.js:29:26)
    at Connection.handlePacket (/home/owianacr/nodevenv/folder_utama/16/lib/node_modules/mysql2/lib/connection.js:481:34)
    at PacketParser.onPacket (/home/owianacr/nodevenv/folder_utama/16/lib/node_modules/mysql2/lib/connection.js:97:12)
    at PacketParser.executeStart (/home/owianacr/nodevenv/folder_utama/16/lib/node_modules/mysql2/lib/packet_parser.js:75:16)
    at Socket.<anonymous> (/home/owianacr/nodevenv/folder_utama/16/lib/node_modules/mysql2/lib/connection.js:104:25)
    at Socket.emit (node:events:513:28)
    at addChunk (node:internal/streams/readable:315:12)
    at readableAddChunk (node:internal/streams/readable:289:9)
    at Socket.Readable.push (node:internal/streams/readable:228:10)
Error connecting to MySQL: Error: Access denied for user 'owianacr_user'@'localhost' to database 'owianacr_craft'
    at Packet.asError (/home/owianacr/nodevenv/folder_utama/16/lib/node_modules/mysql2/lib/packets/packet.js:728:17)
    at ClientHandshake.execute (/home/owianacr/nodevenv/folder_utama/16/lib/node_modules/mysql2/lib/commands/command.js:29:26)
    at Connection.handlePacket (/home/owianacr/nodevenv/folder_utama/16/lib/node_modules/mysql2/lib/connection.js:481:34)
    at PacketParser.onPacket (/home/owianacr/nodevenv/folder_utama/16/lib/node_modules/mysql2/lib/connection.js:97:12)
    at PacketParser.executeStart (/home/owianacr/nodevenv/folder_utama/16/lib/node_modules/mysql2/lib/packet_parser.js:75:16)
    at Socket.<anonymous> (/home/owianacr/nodevenv/folder_utama/16/lib/node_modules/mysql2/lib/connection.js:104:25)
    at Socket.emit (node:events:513:28)
    at addChunk (node:internal/streams/readable:315:12)
    at readableAddChunk (node:internal/streams/readable:289:9)
    at Socket.Readable.push (node:internal/streams/readable:228:10)
Error connecting to MySQL: Error: Access denied for user 'owianacr_user'@'localhost' to database 'owianacr_craft'
    at Packet.asError (/home/owianacr/nodevenv/folder_utama/16/lib/node_modules/mysql2/lib/packets/packet.js:728:17)
    at ClientHandshake.execute (/home/owianacr/nodevenv/folder_utama/16/lib/node_modules/mysql2/lib/commands/command.js:29:26)
    at Connection.handlePacket (/home/owianacr/nodevenv/folder_utama/16/lib/node_modules/mysql2/lib/connection.js:481:34)
    at PacketParser.onPacket (/home/owianacr/nodevenv/folder_utama/16/lib/node_modules/mysql2/lib/connection.js:97:12)
    at PacketParser.executeStart (/home/owianacr/nodevenv/folder_utama/16/lib/node_modules/mysql2/lib/packet_parser.js:75:16)
    at Socket.<anonymous> (/home/owianacr/nodevenv/folder_utama/16/lib/node_modules/mysql2/lib/connection.js:104:25)
    at Socket.emit (node:events:513:28)
    at addChunk (node:internal/streams/readable:315:12)
    at readableAddChunk (node:internal/streams/readable:289:9)
    at Socket.Readable.push (node:internal/streams/readable:228:10)
Error connecting to MySQL: Error: Access denied for user 'owianacr_user'@'localhost' to database 'owianacr_craft'
    at Packet.asError (/home/owianacr/nodevenv/folder_utama/16/lib/node_modules/mysql2/lib/packets/packet.js:728:17)
    at ClientHandshake.execute (/home/owianacr/nodevenv/folder_utama/16/lib/node_modules/mysql2/lib/commands/command.js:29:26)
    at Connection.handlePacket (/home/owianacr/nodevenv/folder_utama/16/lib/node_modules/mysql2/lib/connection.js:481:34)
    at PacketParser.onPacket (/home/owianacr/nodevenv/folder_utama/16/lib/node_modules/mysql2/lib/connection.js:97:12)
    at PacketParser.executeStart (/home/owianacr/nodevenv/folder_utama/16/lib/node_modules/mysql2/lib/packet_parser.js:75:16)
    at Socket.<anonymous> (/home/owianacr/nodevenv/folder_utama/16/lib/node_modules/mysql2/lib/connection.js:104:25)
    at Socket.emit (node:events:513:28)
    at addChunk (node:internal/streams/readable:315:12)
    at readableAddChunk (node:internal/streams/readable:289:9)
    at Socket.Readable.push (node:internal/streams/readable:228:10)
Error connecting to MySQL: Error: Access denied for user 'owianacr_user'@'localhost' to database 'owianacr_craft'
    at Packet.asError (/home/owianacr/nodevenv/folder_utama/16/lib/node_modules/mysql2/lib/packets/packet.js:728:17)
    at ClientHandshake.execute (/home/owianacr/nodevenv/folder_utama/16/lib/node_modules/mysql2/lib/commands/command.js:29:26)
    at Connection.handlePacket (/home/owianacr/nodevenv/folder_utama/16/lib/node_modules/mysql2/lib/connection.js:481:34)
    at PacketParser.onPacket (/home/owianacr/nodevenv/folder_utama/16/lib/node_modules/mysql2/lib/connection.js:97:12)
    at PacketParser.executeStart (/home/owianacr/nodevenv/folder_utama/16/lib/node_modules/mysql2/lib/packet_parser.js:75:16)
    at Socket.<anonymous> (/home/owianacr/nodevenv/folder_utama/16/lib/node_modules/mysql2/lib/connection.js:104:25)
    at Socket.emit (node:events:513:28)
    at addChunk (node:internal/streams/readable:315:12)
    at readableAddChunk (node:internal/streams/readable:289:9)
    at Socket.Readable.push (node:internal/streams/readable:228:10)
Error connecting to MySQL: Error: Access denied for user 'owianacr_user'@'localhost' to database 'owianacr_craft'
    at Packet.asError (/home/owianacr/nodevenv/folder_utama/16/lib/node_modules/mysql2/lib/packets/packet.js:728:17)
    at ClientHandshake.execute (/home/owianacr/nodevenv/folder_utama/16/lib/node_modules/mysql2/lib/commands/command.js:29:26)
    at Connection.handlePacket (/home/owianacr/nodevenv/folder_utama/16/lib/node_modules/mysql2/lib/connection.js:481:34)
    at PacketParser.onPacket (/home/owianacr/nodevenv/folder_utama/16/lib/node_modules/mysql2/lib/connection.js:97:12)
    at PacketParser.executeStart (/home/owianacr/nodevenv/folder_utama/16/lib/node_modules/mysql2/lib/packet_parser.js:75:16)
    at Socket.<anonymous> (/home/owianacr/nodevenv/folder_utama/16/lib/node_modules/mysql2/lib/connection.js:104:25)
    at Socket.emit (node:events:513:28)
    at addChunk (node:internal/streams/readable:315:12)
    at readableAddChunk (node:internal/streams/readable:289:9)
    at Socket.Readable.push (node:internal/streams/readable:228:10)
Error connecting to MySQL: Error: Access denied for user 'owianacr_user'@'localhost' to database 'owianacr_craft'
    at Packet.asError (/home/owianacr/nodevenv/folder_utama/16/lib/node_modules/mysql2/lib/packets/packet.js:728:17)
    at ClientHandshake.execute (/home/owianacr/nodevenv/folder_utama/16/lib/node_modules/mysql2/lib/commands/command.js:29:26)
    at Connection.handlePacket (/home/owianacr/nodevenv/folder_utama/16/lib/node_modules/mysql2/lib/connection.js:481:34)
    at PacketParser.onPacket (/home/owianacr/nodevenv/folder_utama/16/lib/node_modules/mysql2/lib/connection.js:97:12)
    at PacketParser.executeStart (/home/owianacr/nodevenv/folder_utama/16/lib/node_modules/mysql2/lib/packet_parser.js:75:16)
    at Socket.<anonymous> (/home/owianacr/nodevenv/folder_utama/16/lib/node_modules/mysql2/lib/connection.js:104:25)
    at Socket.emit (node:events:513:28)
    at addChunk (node:internal/streams/readable:315:12)
    at readableAddChunk (node:internal/streams/readable:289:9)
    at Socket.Readable.push (node:internal/streams/readable:228:10)
Error connecting to MySQL: Error: Access denied for user 'owianacr_user'@'localhost' to database 'owianacr_craft'
    at Packet.asError (/home/owianacr/nodevenv/folder_utama/16/lib/node_modules/mysql2/lib/packets/packet.js:728:17)
    at ClientHandshake.execute (/home/owianacr/nodevenv/folder_utama/16/lib/node_modules/mysql2/lib/commands/command.js:29:26)
    at Connection.handlePacket (/home/owianacr/nodevenv/folder_utama/16/lib/node_modules/mysql2/lib/connection.js:481:34)
    at PacketParser.onPacket (/home/owianacr/nodevenv/folder_utama/16/lib/node_modules/mysql2/lib/connection.js:97:12)
    at PacketParser.executeStart (/home/owianacr/nodevenv/folder_utama/16/lib/node_modules/mysql2/lib/packet_parser.js:75:16)
    at Socket.<anonymous> (/home/owianacr/nodevenv/folder_utama/16/lib/node_modules/mysql2/lib/connection.js:104:25)
    at Socket.emit (node:events:513:28)
    at addChunk (node:internal/streams/readable:315:12)
    at readableAddChunk (node:internal/streams/readable:289:9)
    at Socket.Readable.push (node:internal/streams/readable:228:10)
Error connecting to MySQL: Error: Access denied for user 'owianacr_user'@'localhost' to database 'owianacr_craft'
    at Packet.asError (/home/owianacr/nodevenv/folder_utama/16/lib/node_modules/mysql2/lib/packets/packet.js:728:17)
    at ClientHandshake.execute (/home/owianacr/nodevenv/folder_utama/16/lib/node_modules/mysql2/lib/commands/command.js:29:26)
    at Connection.handlePacket (/home/owianacr/nodevenv/folder_utama/16/lib/node_modules/mysql2/lib/connection.js:481:34)
    at PacketParser.onPacket (/home/owianacr/nodevenv/folder_utama/16/lib/node_modules/mysql2/lib/connection.js:97:12)
    at PacketParser.executeStart (/home/owianacr/nodevenv/folder_utama/16/lib/node_modules/mysql2/lib/packet_parser.js:75:16)
    at Socket.<anonymous> (/home/owianacr/nodevenv/folder_utama/16/lib/node_modules/mysql2/lib/connection.js:104:25)
    at Socket.emit (node:events:513:28)
    at addChunk (node:internal/streams/readable:315:12)
    at readableAddChunk (node:internal/streams/readable:289:9)
    at Socket.Readable.push (node:internal/streams/readable:228:10)
Error connecting to MySQL: Error: Access denied for user 'owianacr_user'@'localhost' to database 'owianacr_craft'
    at Packet.asError (/home/owianacr/nodevenv/folder_utama/16/lib/node_modules/mysql2/lib/packets/packet.js:728:17)
    at ClientHandshake.execute (/home/owianacr/nodevenv/folder_utama/16/lib/node_modules/mysql2/lib/commands/command.js:29:26)
    at Connection.handlePacket (/home/owianacr/nodevenv/folder_utama/16/lib/node_modules/mysql2/lib/connection.js:481:34)
    at PacketParser.onPacket (/home/owianacr/nodevenv/folder_utama/16/lib/node_modules/mysql2/lib/connection.js:97:12)
    at PacketParser.executeStart (/home/owianacr/nodevenv/folder_utama/16/lib/node_modules/mysql2/lib/packet_parser.js:75:16)
    at Socket.<anonymous> (/home/owianacr/nodevenv/folder_utama/16/lib/node_modules/mysql2/lib/connection.js:104:25)
    at Socket.emit (node:events:513:28)
    at addChunk (node:internal/streams/readable:315:12)
    at readableAddChunk (node:internal/streams/readable:289:9)
    at Socket.Readable.push (node:internal/streams/readable:228:10)
Error connecting to MySQL: Error: Access denied for user 'owianacr_user'@'localhost' to database 'owianacr_craft'
    at Packet.asError (/home/owianacr/nodevenv/folder_utama/16/lib/node_modules/mysql2/lib/packets/packet.js:728:17)
    at ClientHandshake.execute (/home/owianacr/nodevenv/folder_utama/16/lib/node_modules/mysql2/lib/commands/command.js:29:26)
    at Connection.handlePacket (/home/owianacr/nodevenv/folder_utama/16/lib/node_modules/mysql2/lib/connection.js:481:34)
    at PacketParser.onPacket (/home/owianacr/nodevenv/folder_utama/16/lib/node_modules/mysql2/lib/connection.js:97:12)
    at PacketParser.executeStart (/home/owianacr/nodevenv/folder_utama/16/lib/node_modules/mysql2/lib/packet_parser.js:75:16)
    at Socket.<anonymous> (/home/owianacr/nodevenv/folder_utama/16/lib/node_modules/mysql2/lib/connection.js:104:25)
    at Socket.emit (node:events:513:28)
    at addChunk (node:internal/streams/readable:315:12)
    at readableAddChunk (node:internal/streams/readable:289:9)
    at Socket.Readable.push (node:internal/streams/readable:228:10)
Error connecting to MySQL: Error: Access denied for user 'owianacr_user'@'localhost' to database 'owianacr_craft'
    at Packet.asError (/home/owianacr/nodevenv/folder_utama/16/lib/node_modules/mysql2/lib/packets/packet.js:728:17)
    at ClientHandshake.execute (/home/owianacr/nodevenv/folder_utama/16/lib/node_modules/mysql2/lib/commands/command.js:29:26)
    at Connection.handlePacket (/home/owianacr/nodevenv/folder_utama/16/lib/node_modules/mysql2/lib/connection.js:481:34)
    at PacketParser.onPacket (/home/owianacr/nodevenv/folder_utama/16/lib/node_modules/mysql2/lib/connection.js:97:12)
    at PacketParser.executeStart (/home/owianacr/nodevenv/folder_utama/16/lib/node_modules/mysql2/lib/packet_parser.js:75:16)
    at Socket.<anonymous> (/home/owianacr/nodevenv/folder_utama/16/lib/node_modules/mysql2/lib/connection.js:104:25)
    at Socket.emit (node:events:513:28)
    at addChunk (node:internal/streams/readable:315:12)
    at readableAddChunk (node:internal/streams/readable:289:9)
    at Socket.Readable.push (node:internal/streams/readable:228:10)
Error connecting to MySQL: Error: Access denied for user 'owianacr_user'@'localhost' to database 'owianacr_craft'
    at Packet.asError (/home/owianacr/nodevenv/folder_utama/16/lib/node_modules/mysql2/lib/packets/packet.js:728:17)
    at ClientHandshake.execute (/home/owianacr/nodevenv/folder_utama/16/lib/node_modules/mysql2/lib/commands/command.js:29:26)
    at Connection.handlePacket (/home/owianacr/nodevenv/folder_utama/16/lib/node_modules/mysql2/lib/connection.js:481:34)
    at PacketParser.onPacket (/home/owianacr/nodevenv/folder_utama/16/lib/node_modules/mysql2/lib/connection.js:97:12)
    at PacketParser.executeStart (/home/owianacr/nodevenv/folder_utama/16/lib/node_modules/mysql2/lib/packet_parser.js:75:16)
    at Socket.<anonymous> (/home/owianacr/nodevenv/folder_utama/16/lib/node_modules/mysql2/lib/connection.js:104:25)
    at Socket.emit (node:events:513:28)
    at addChunk (node:internal/streams/readable:315:12)
    at readableAddChunk (node:internal/streams/readable:289:9)
    at Socket.Readable.push (node:internal/streams/readable:228:10)
Error finding user: Error: Access denied for user 'owianacr_user'@'localhost' to database 'owianacr_craft'
Error connecting to MySQL: Error: Access denied for user 'owianacr_user'@'localhost' to database 'owianacr_craft'
    at Packet.asError (/home/owianacr/nodevenv/folder_utama/16/lib/node_modules/mysql2/lib/packets/packet.js:728:17)
    at ClientHandshake.execute (/home/owianacr/nodevenv/folder_utama/16/lib/node_modules/mysql2/lib/commands/command.js:29:26)
    at Connection.handlePacket (/home/owianacr/nodevenv/folder_utama/16/lib/node_modules/mysql2/lib/connection.js:481:34)
    at PacketParser.onPacket (/home/owianacr/nodevenv/folder_utama/16/lib/node_modules/mysql2/lib/connection.js:97:12)
    at PacketParser.executeStart (/home/owianacr/nodevenv/folder_utama/16/lib/node_modules/mysql2/lib/packet_parser.js:75:16)
    at Socket.<anonymous> (/home/owianacr/nodevenv/folder_utama/16/lib/node_modules/mysql2/lib/connection.js:104:25)
    at Socket.emit (node:events:513:28)
    at addChunk (node:internal/streams/readable:315:12)
    at readableAddChunk (node:internal/streams/readable:289:9)
    at Socket.Readable.push (node:internal/streams/readable:228:10)
Error retrieving products: Error: Access denied for user 'owianacr_user'@'localhost' to database 'owianacr_craft'
    at Packet.asError (/home/owianacr/nodevenv/folder_utama/16/lib/node_modules/mysql2/lib/packets/packet.js:728:17)
    at ClientHandshake.execute (/home/owianacr/nodevenv/folder_utama/16/lib/node_modules/mysql2/lib/commands/command.js:29:26)
    at Connection.handlePacket (/home/owianacr/nodevenv/folder_utama/16/lib/node_modules/mysql2/lib/connection.js:481:34)
    at PacketParser.onPacket (/home/owianacr/nodevenv/folder_utama/16/lib/node_modules/mysql2/lib/connection.js:97:12)
    at PacketParser.executeStart (/home/owianacr/nodevenv/folder_utama/16/lib/node_modules/mysql2/lib/packet_parser.js:75:16)
    at Socket.<anonymous> (/home/owianacr/nodevenv/folder_utama/16/lib/node_modules/mysql2/lib/connection.js:104:25)
    at Socket.emit (node:events:513:28)
    at addChunk (node:internal/streams/readable:315:12)
    at readableAddChunk (node:internal/streams/readable:289:9)
    at Socket.Readable.push (node:internal/streams/readable:228:10) {
  code: 'ER_DBACCESS_DENIED_ERROR',
  errno: 1044,
  sqlState: '42000',
  sqlMessage: "Access denied for user 'owianacr_user'@'localhost' to database 'owianacr_craft'",
  sql: undefined
}
Error connecting to MySQL: Error: Access denied for user 'owianacr_user'@'localhost' to database 'owianacr_craft'
    at Packet.asError (/home/owianacr/nodevenv/folder_utama/16/lib/node_modules/mysql2/lib/packets/packet.js:728:17)
    at ClientHandshake.execute (/home/owianacr/nodevenv/folder_utama/16/lib/node_modules/mysql2/lib/commands/command.js:29:26)
    at Connection.handlePacket (/home/owianacr/nodevenv/folder_utama/16/lib/node_modules/mysql2/lib/connection.js:481:34)
    at PacketParser.onPacket (/home/owianacr/nodevenv/folder_utama/16/lib/node_modules/mysql2/lib/connection.js:97:12)
    at PacketParser.executeStart (/home/owianacr/nodevenv/folder_utama/16/lib/node_modules/mysql2/lib/packet_parser.js:75:16)
    at Socket.<anonymous> (/home/owianacr/nodevenv/folder_utama/16/lib/node_modules/mysql2/lib/connection.js:104:25)
    at Socket.emit (node:events:513:28)
    at addChunk (node:internal/streams/readable:315:12)
    at readableAddChunk (node:internal/streams/readable:289:9)
    at Socket.Readable.push (node:internal/streams/readable:228:10)
Error finding user: Error: Access denied for user 'owianacr_user'@'localhost' to database 'owianacr_craft'
Error connecting to MySQL: Error: Access denied for user 'owianacr_user'@'cloud.hypercloudhost.com' to database 'owianacr_craft'
    at Packet.asError (/home/owianacr/nodevenv/folder_utama/16/lib/node_modules/mysql2/lib/packets/packet.js:728:17)
    at ClientHandshake.execute (/home/owianacr/nodevenv/folder_utama/16/lib/node_modules/mysql2/lib/commands/command.js:29:26)
    at Connection.handlePacket (/home/owianacr/nodevenv/folder_utama/16/lib/node_modules/mysql2/lib/connection.js:481:34)
    at PacketParser.onPacket (/home/owianacr/nodevenv/folder_utama/16/lib/node_modules/mysql2/lib/connection.js:97:12)
    at PacketParser.executeStart (/home/owianacr/nodevenv/folder_utama/16/lib/node_modules/mysql2/lib/packet_parser.js:75:16)
    at Socket.<anonymous> (/home/owianacr/nodevenv/folder_utama/16/lib/node_modules/mysql2/lib/connection.js:104:25)
    at Socket.emit (node:events:513:28)
    at addChunk (node:internal/streams/readable:315:12)
    at readableAddChunk (node:internal/streams/readable:289:9)
    at Socket.Readable.push (node:internal/streams/readable:228:10)
Error retrieving products: Error: Access denied for user 'owianacr_user'@'cloud.hypercloudhost.com' to database 'owianacr_craft'
    at Packet.asError (/home/owianacr/nodevenv/folder_utama/16/lib/node_modules/mysql2/lib/packets/packet.js:728:17)
    at ClientHandshake.execute (/home/owianacr/nodevenv/folder_utama/16/lib/node_modules/mysql2/lib/commands/command.js:29:26)
    at Connection.handlePacket (/home/owianacr/nodevenv/folder_utama/16/lib/node_modules/mysql2/lib/connection.js:481:34)
    at PacketParser.onPacket (/home/owianacr/nodevenv/folder_utama/16/lib/node_modules/mysql2/lib/connection.js:97:12)
    at PacketParser.executeStart (/home/owianacr/nodevenv/folder_utama/16/lib/node_modules/mysql2/lib/packet_parser.js:75:16)
    at Socket.<anonymous> (/home/owianacr/nodevenv/folder_utama/16/lib/node_modules/mysql2/lib/connection.js:104:25)
    at Socket.emit (node:events:513:28)
    at addChunk (node:internal/streams/readable:315:12)
    at readableAddChunk (node:internal/streams/readable:289:9)
    at Socket.Readable.push (node:internal/streams/readable:228:10) {
  code: 'ER_DBACCESS_DENIED_ERROR',
  errno: 1044,
  sqlState: '42000',
  sqlMessage: "Access denied for user 'owianacr_user'@'cloud.hypercloudhost.com' to database 'owianacr_craft'",
  sql: undefined
}
